<?xml version="1.0" encoding="UTF-8"?>
<!-- Generated by org.testng.reporters.JUnitReportReporter -->
<testsuite hostname="LAPTOP-N926GS71" failures="0" tests="2" name="com.bridgelabz.annotations.TestngAnnotations" time="0.018" errors="0" timestamp="2022-07-18T08:36:38 IST" skipped="0">
  <testcase classname="com.bridgelabz.annotations.TestngAnnotations" name="run" time="0.014"/>
  <system-out/>
  <testcase classname="com.bridgelabz.annotations.TestngAnnotations" name="run1" time="0.004"/>
  <system-out/>
</testsuite> <!-- com.bridgelabz.annotations.TestngAnnotations -->
