<?xml version="1.0" encoding="UTF-8"?>
<!-- Generated by org.testng.reporters.JUnitReportReporter -->
<testsuite hostname="LAPTOP-N926GS71" failures="0" tests="6" name="com.bridgelabz.ActionClass.ActionClass" time="78.710" errors="0" timestamp="2022-07-11T08:01:54 IST" skipped="0">
  <testcase classname="com.bridgelabz.ActionClass.ActionClass" name="Using_DoubleClick_Method" time="15.009"/>
  <system-out/>
  <testcase classname="com.bridgelabz.ActionClass.ActionClass" name="Using_contextClick_MethodTest" time="10.937"/>
  <system-out/>
  <testcase classname="com.bridgelabz.ActionClass.ActionClass" name="Using_DragAndDrop_Method" time="13.303"/>
  <system-out/>
  <testcase classname="com.bridgelabz.ActionClass.ActionClass" name="mouseHoverTest" time="12.166"/>
  <system-out/>
  <testcase classname="com.bridgelabz.ActionClass.ActionClass" name="usingRightClick" time="14.561"/>
  <system-out/>
  <testcase classname="com.bridgelabz.ActionClass.ActionClass" name="Keyboard_Method" time="12.734"/>
  <system-out/>
</testsuite> <!-- com.bridgelabz.ActionClass.ActionClass -->
