<?xml version="1.0" encoding="UTF-8"?>
<!-- Generated by org.testng.reporters.JUnitReportReporter -->
<testsuite hostname="LAPTOP-N926GS71" failures="0" tests="3" name="com.bridgelabz.annotations.Priority" time="0.015" errors="0" timestamp="2022-07-13T12:24:53 IST" skipped="0">
  <testcase classname="com.bridgelabz.annotations.Priority" name="mango" time="0.011"/>
  <system-out/>
  <testcase classname="com.bridgelabz.annotations.Priority" name="watermelon" time="0.003"/>
  <system-out/>
  <testcase classname="com.bridgelabz.annotations.Priority" name="apple" time="0.001"/>
  <system-out/>
</testsuite> <!-- com.bridgelabz.annotations.Priority -->
