<?xml version="1.0" encoding="UTF-8"?>
<!-- Generated by org.testng.reporters.JUnitReportReporter -->
<testsuite hostname="LAPTOP-N926GS71" failures="0" tests="2" name="com.bridgelabz.annotations.Groups_Ex" time="0.019" errors="0" timestamp="2022-07-13T12:58:47 IST" skipped="0">
  <testcase classname="com.bridgelabz.annotations.Groups_Ex" name="infosys" time="0.017"/>
  <system-out/>
  <testcase classname="com.bridgelabz.annotations.Groups_Ex" name="wipro" time="0.002"/>
  <system-out/>
</testsuite> <!-- com.bridgelabz.annotations.Groups_Ex -->
