<?xml version="1.0" encoding="UTF-8"?>
<!-- Generated by org.testng.reporters.JUnitReportReporter -->
<testsuite hostname="LAPTOP-N926GS71" failures="0" tests="1" name="com.bridgelabz.Frames.Frames" time="33.150" errors="0" timestamp="2022-07-11T08:46:54 IST" skipped="0">
  <testcase classname="com.bridgelabz.Frames.Frames" name="frames2" time="33.150"/>
  <system-out/>
</testsuite> <!-- com.bridgelabz.Frames.Frames -->
