<?xml version="1.0" encoding="UTF-8"?>
<!-- Generated by org.testng.reporters.JUnitReportReporter -->
<testsuite hostname="LAPTOP-N926GS71" failures="0" tests="1" name="com.bridgelabz.wait.ExplictWait" time="4.251" errors="0" timestamp="2022-07-11T09:06:10 IST" skipped="0">
  <testcase classname="com.bridgelabz.wait.ExplictWait" name="explicttype" time="4.251"/>
  <system-out/>
</testsuite> <!-- com.bridgelabz.wait.ExplictWait -->
