<?xml version="1.0" encoding="UTF-8"?>
<!-- Generated by org.testng.reporters.JUnitReportReporter -->
<testsuite hostname="LAPTOP-N926GS71" failures="0" tests="1" name="com.bridgelabz.Locators.CsscssSelector" time="21.078" errors="0" timestamp="2022-07-08T10:43:02 IST" skipped="0">
  <testcase classname="com.bridgelabz.Locators.CsscssSelector" name="Login" time="21.078"/>
  <system-out/>
</testsuite> <!-- com.bridgelabz.Locators.CsscssSelector -->
