<?xml version="1.0" encoding="UTF-8"?>
<!-- Generated by org.testng.reporters.JUnitReportReporter -->
<testsuite hostname="LAPTOP-N926GS71" failures="0" tests="3" name="com.bridgelabz.javascriptexecutor.JavaScript" time="41.892" errors="0" timestamp="2022-07-11T09:26:44 IST" skipped="0">
  <testcase classname="com.bridgelabz.javascriptexecutor.JavaScript" name="scrollupanddowntospecificelementonwebpage" time="9.456"/>
  <system-out/>
  <testcase classname="com.bridgelabz.javascriptexecutor.JavaScript" name="Scroll" time="24.416"/>
  <system-out/>
  <testcase classname="com.bridgelabz.javascriptexecutor.JavaScript" name="navigationbottomofthepage" time="8.020"/>
  <system-out/>
</testsuite> <!-- com.bridgelabz.javascriptexecutor.JavaScript -->
