<?xml version="1.0" encoding="UTF-8"?>
<!-- Generated by org.testng.reporters.JUnitReportReporter -->
<testsuite hostname="LAPTOP-N926GS71" failures="0" tests="1" name="com.bridgelabz.selenium.ImplicitWait" time="25.193" errors="0" timestamp="2022-07-08T10:11:55 IST" skipped="0">
  <testcase classname="com.bridgelabz.selenium.ImplicitWait" name="implicittype" time="25.193"/>
  <system-out/>
</testsuite> <!-- com.bridgelabz.selenium.ImplicitWait -->
