<?xml version="1.0" encoding="UTF-8"?>
<!-- Generated by org.testng.reporters.JUnitReportReporter -->
<testsuite hostname="LAPTOP-N926GS71" failures="0" tests="1" name="com.bridgelabz.selenium.JavacSriptExecutor" time="7.607" errors="0" timestamp="2022-07-09T07:34:18 IST" skipped="0">
  <testcase classname="com.bridgelabz.selenium.JavacSriptExecutor" name="script" time="7.607"/>
  <system-out/>
</testsuite> <!-- com.bridgelabz.selenium.JavacSriptExecutor -->
