<?xml version="1.0" encoding="UTF-8"?>
<!-- Generated by org.testng.reporters.JUnitReportReporter -->
<testsuite hostname="LAPTOP-N926GS71" failures="0" tests="1" name="com.bridgelabz.selenium.Screenshot" time="16.024" errors="0" timestamp="2022-07-08T10:18:05 IST" skipped="0">
  <testcase classname="com.bridgelabz.selenium.Screenshot" name="launchBrowser" time="16.024"/>
  <system-out/>
</testsuite> <!-- com.bridgelabz.selenium.Screenshot -->
