<?xml version="1.0" encoding="UTF-8"?>
<!-- Generated by org.testng.reporters.JUnitReportReporter -->
<testsuite hostname="LAPTOP-N926GS71" failures="0" tests="1" name="com.broidgelabz.handlingpopup.ChildBrowserPopup" time="20.683" errors="0" timestamp="2022-07-11T09:20:42 IST" skipped="0">
  <testcase classname="com.broidgelabz.handlingpopup.ChildBrowserPopup" name="handleWindow" time="20.683"/>
  <system-out/>
</testsuite> <!-- com.broidgelabz.handlingpopup.ChildBrowserPopup -->
