<?xml version="1.0" encoding="UTF-8"?>
<!-- Generated by org.testng.reporters.JUnitReportReporter -->
<testsuite hostname="LAPTOP-N926GS71" failures="0" tests="1" name="com.bridgelabz.wait.ImplicitWait" time="24.834" errors="0" timestamp="2022-07-11T09:08:03 IST" skipped="0">
  <testcase classname="com.bridgelabz.wait.ImplicitWait" name="implicittype" time="24.834"/>
  <system-out/>
</testsuite> <!-- com.bridgelabz.wait.ImplicitWait -->
