<?xml version="1.0" encoding="UTF-8"?>
<!-- Generated by org.testng.reporters.JUnitReportReporter -->
<testsuite hostname="LAPTOP-N926GS71" failures="0" tests="1" name="com.bridgelabz.selenium.ExplictWait" time="3.952" errors="0" timestamp="2022-07-08T09:58:37 IST" skipped="0">
  <testcase classname="com.bridgelabz.selenium.ExplictWait" name="explicttype" time="3.952"/>
  <system-out/>
</testsuite> <!-- com.bridgelabz.selenium.ExplictWait -->
