<?xml version="1.0" encoding="UTF-8"?>
<!-- Generated by org.testng.reporters.JUnitReportReporter -->
<testsuite hostname="LAPTOP-N926GS71" failures="0" tests="1" name="com.broidgelabz.handlingpopup.HandlingPopup" time="23.118" errors="0" timestamp="2022-07-11T08:55:34 IST" skipped="0">
  <testcase classname="com.broidgelabz.handlingpopup.HandlingPopup" name="confirmationPopup" time="23.118"/>
  <system-out/>
</testsuite> <!-- com.broidgelabz.handlingpopup.HandlingPopup -->
