<?xml version="1.0" encoding="UTF-8"?>
<!-- Generated by org.testng.reporters.JUnitReportReporter -->
<testsuite hostname="LAPTOP-N926GS71" failures="0" tests="1" name="com.bridgelabz.selenium.Registration" time="26.973" errors="0" timestamp="2022-07-08T09:29:39 IST" skipped="0">
  <testcase classname="com.bridgelabz.selenium.Registration" name="facebook" time="26.973"/>
  <system-out/>
</testsuite> <!-- com.bridgelabz.selenium.Registration -->
