<?xml version="1.0" encoding="UTF-8"?>
<!-- Generated by org.testng.reporters.JUnitReportReporter -->
<testsuite hostname="LAPTOP-N926GS71" failures="0" tests="3" name="com.bridgelabz.annotations.Enabled" time="0.015" errors="0" timestamp="2022-07-13T12:36:48 IST" skipped="1">
  <testcase classname="com.bridgelabz.annotations.Enabled" name="c_language" time="0.013"/>
  <system-out/>
  <testcase classname="com.bridgelabz.annotations.Enabled" name="java" time="0.002"/>
  <system-out/>
  <testcase classname="com.bridgelabz.annotations.Enabled" name="jira">
    <skipped/>
  </testcase> <!-- jira -->
  <system-out/>
</testsuite> <!-- com.bridgelabz.annotations.Enabled -->
