<?xml version="1.0" encoding="UTF-8"?>
<!-- Generated by org.testng.reporters.JUnitReportReporter -->
<testsuite hostname="LAPTOP-N926GS71" failures="0" tests="4" name="com.bridgelabz.webtable.WebTable" time="0.546" errors="0" timestamp="2022-07-11T11:35:57 IST" skipped="0">
  <testcase classname="com.bridgelabz.webtable.WebTable" name="WebTable_PrintNumericValue" time="0.196"/>
  <system-out/>
  <testcase classname="com.bridgelabz.webtable.WebTable" name="WebTable_RowsCount" time="0.041"/>
  <system-out/>
  <testcase classname="com.bridgelabz.webtable.WebTable" name="WebTable_TotalNumber_Of_Cells" time="0.055"/>
  <system-out/>
  <testcase classname="com.bridgelabz.webtable.WebTable" name="WebTable_ColumnCount" time="0.254"/>
  <system-out/>
</testsuite> <!-- com.bridgelabz.webtable.WebTable -->
