<?xml version="1.0" encoding="UTF-8"?>
<!-- Generated by org.testng.reporters.JUnitReportReporter -->
<testsuite hostname="LAPTOP-N926GS71" failures="0" tests="1" name="com.broidgelabz.handlingpopup.CloseParentWindow" time="8.058" errors="0" timestamp="2022-07-11T10:47:59 IST" skipped="0">
  <testcase classname="com.broidgelabz.handlingpopup.CloseParentWindow" name="close_All_Child_browser" time="8.058"/>
  <system-out/>
</testsuite> <!-- com.broidgelabz.handlingpopup.CloseParentWindow -->
