<?xml version="1.0" encoding="UTF-8"?>
<!-- Generated by org.testng.reporters.JUnitReportReporter -->
<testsuite hostname="LAPTOP-N926GS71" failures="0" tests="1" name="com.bridgelabz.selenium.FrameClass" time="10.020" errors="0" timestamp="2022-07-09T09:20:07 IST" skipped="0">
  <testcase classname="com.bridgelabz.selenium.FrameClass" name="frame" time="10.020"/>
  <system-out/>
</testsuite> <!-- com.bridgelabz.selenium.FrameClass -->
