<?xml version="1.0" encoding="UTF-8"?>
<!-- Generated by org.testng.reporters.JUnitReportReporter -->
<testsuite hostname="LAPTOP-N926GS71" failures="0" tests="1" name="com.bridgelabz.Locators.LocatorsXpath" time="30.436" errors="0" timestamp="2022-07-08T12:00:07 IST" skipped="0">
  <testcase classname="com.bridgelabz.Locators.LocatorsXpath" name="page" time="30.436"/>
  <system-out/>
</testsuite> <!-- com.bridgelabz.Locators.LocatorsXpath -->
