<?xml version="1.0" encoding="UTF-8"?>
<!-- Generated by org.testng.reporters.JUnitReportReporter -->
<testsuite hostname="LAPTOP-N926GS71" failures="0" tests="3" name="com.bridgelabz.annotations.DependOnMethods" time="0.013" errors="0" timestamp="2022-07-13T12:27:44 IST" skipped="0">
  <testcase classname="com.bridgelabz.annotations.DependOnMethods" name="APIStudentLogin" time="0.001"/>
  <system-out/>
  <testcase classname="com.bridgelabz.annotations.DependOnMethods" name="MobileStudentLogin" time="0.010"/>
  <system-out/>
  <testcase classname="com.bridgelabz.annotations.DependOnMethods" name="WebStudentLogin" time="0.002"/>
  <system-out/>
</testsuite> <!-- com.bridgelabz.annotations.DependOnMethods -->
