<?xml version="1.0" encoding="UTF-8"?>
<!-- Generated by org.testng.reporters.JUnitReportReporter -->
<testsuite hostname="LAPTOP-N926GS71" failures="0" tests="1" name="com.bridgelabz.selenium.Web_Element_Method" time="41.627" errors="0" timestamp="2022-07-08T13:44:02 IST" skipped="0">
  <testcase classname="com.bridgelabz.selenium.Web_Element_Method" name="registration" time="41.627"/>
  <system-out/>
</testsuite> <!-- com.bridgelabz.selenium.Web_Element_Method -->
