<?xml version="1.0" encoding="UTF-8"?>
<!-- Generated by org.testng.reporters.JUnitReportReporter -->
<testsuite hostname="LAPTOP-N926GS71" failures="0" tests="1" name="com.bridgelabz.selenium.Screenshot" time="15.261" errors="0" timestamp="2022-07-08T11:24:58 IST" skipped="0">
  <testcase classname="com.bridgelabz.selenium.Screenshot" name="launchBrowser" time="15.261"/>
  <system-out/>
</testsuite> <!-- com.bridgelabz.selenium.Screenshot -->
