<?xml version="1.0" encoding="UTF-8"?>
<!-- Generated by org.testng.reporters.JUnitReportReporter -->
<testsuite hostname="LAPTOP-N926GS71" failures="0" tests="1" name="com.brodgelabz.selectclass.ListBoxExample" time="3.386" errors="0" timestamp="2022-07-19T13:36:26 IST" skipped="0">
  <testcase classname="com.brodgelabz.selectclass.ListBoxExample" name="Print_NumberOfOccurranceOfElements_InListBox" time="3.386"/>
  <system-out/>
</testsuite> <!-- com.brodgelabz.selectclass.ListBoxExample -->
