<?xml version="1.0" encoding="UTF-8"?>
<!-- Generated by org.testng.reporters.JUnitReportReporter -->
<testsuite hostname="LAPTOP-N926GS71" failures="0" tests="1" name="com.bridgelabz.screenshot.Screenshot" time="12.604" errors="0" timestamp="2022-07-11T09:14:21 IST" skipped="0">
  <testcase classname="com.bridgelabz.screenshot.Screenshot" name="launchBrowser" time="12.604"/>
  <system-out/>
</testsuite> <!-- com.bridgelabz.screenshot.Screenshot -->
