<?xml version="1.0" encoding="UTF-8"?>
<!-- Generated by org.testng.reporters.JUnitReportReporter -->
<testsuite hostname="LAPTOP-N926GS71" failures="0" tests="1" name="com.bridgelabz.autoit.AutoIt" time="15.325" errors="0" timestamp="2022-07-13T20:05:22 IST" skipped="0">
  <testcase classname="com.bridgelabz.autoit.AutoIt" name="auto_ItEx" time="15.325"/>
  <system-out/>
</testsuite> <!-- com.bridgelabz.autoit.AutoIt -->
