<?xml version="1.0" encoding="UTF-8"?>
<!-- Generated by org.testng.reporters.JUnitReportReporter -->
<testsuite hostname="LAPTOP-N926GS71" failures="0" tests="1" name="com.brodgelabz.selectclass.ListBoxExample" time="3.005" errors="0" timestamp="2022-07-13T16:15:50 IST" skipped="0">
  <testcase classname="com.brodgelabz.selectclass.ListBoxExample" name="check_UniqueElementinthelistbox" time="3.005"/>
  <system-out/>
</testsuite> <!-- com.brodgelabz.selectclass.ListBoxExample -->
