<?xml version="1.0" encoding="UTF-8"?>
<!-- Generated by org.testng.reporters.JUnitReportReporter -->
<testsuite hostname="LAPTOP-N926GS71" failures="0" tests="3" name="com.bridgelabz.selenium.ScrollUpDown" time="42.804" errors="0" timestamp="2022-07-09T08:55:04 IST" skipped="0">
  <testcase classname="com.bridgelabz.selenium.ScrollUpDown" name="Scroll" time="25.361"/>
  <system-out/>
  <testcase classname="com.bridgelabz.selenium.ScrollUpDown" name="navigationbottomofthepage" time="7.961"/>
  <system-out/>
  <testcase classname="com.bridgelabz.selenium.ScrollUpDown" name="scrollupanddowntospecificelementonwebpage" time="9.482"/>
  <system-out/>
</testsuite> <!-- com.bridgelabz.selenium.ScrollUpDown -->
