<?xml version="1.0" encoding="UTF-8"?>
<!-- Generated by org.testng.reporters.JUnitReportReporter -->
<testsuite hostname="LAPTOP-N926GS71" failures="0" tests="2" name="com.bridgelabz.selenium.AllignmentOfFacebook" time="8.683" errors="0" timestamp="2022-07-08T10:28:21 IST" skipped="0">
  <testcase classname="com.bridgelabz.selenium.AllignmentOfFacebook" name="size" time="2.714"/>
  <system-out/>
  <testcase classname="com.bridgelabz.selenium.AllignmentOfFacebook" name="align" time="5.969"/>
  <system-out/>
</testsuite> <!-- com.bridgelabz.selenium.AllignmentOfFacebook -->
