<?xml version="1.0" encoding="UTF-8"?>
<!-- Generated by org.testng.reporters.JUnitReportReporter -->
<testsuite hostname="LAPTOP-N926GS71" failures="0" tests="50" name="com.bridgelabz.annotations.InvocationEx" time="0.128" errors="0" timestamp="2022-07-13T14:05:16 IST" skipped="0">
  <testcase classname="com.bridgelabz.annotations.InvocationEx" name="testcase1" time="0.002"/>
  <system-out/>
  <testcase classname="com.bridgelabz.annotations.InvocationEx" name="testcase1" time="0.002"/>
  <system-out/>
  <testcase classname="com.bridgelabz.annotations.InvocationEx" name="testcase1" time="0.002"/>
  <system-out/>
  <testcase classname="com.bridgelabz.annotations.InvocationEx" name="testcase1" time="0.003"/>
  <system-out/>
  <testcase classname="com.bridgelabz.annotations.InvocationEx" name="testcase1" time="0.001"/>
  <system-out/>
  <testcase classname="com.bridgelabz.annotations.InvocationEx" name="testcase1" time="0.002"/>
  <system-out/>
  <testcase classname="com.bridgelabz.annotations.InvocationEx" name="testcase1" time="0.001"/>
  <system-out/>
  <testcase classname="com.bridgelabz.annotations.InvocationEx" name="testcase1" time="0.001"/>
  <system-out/>
  <testcase classname="com.bridgelabz.annotations.InvocationEx" name="testcase1" time="0.002"/>
  <system-out/>
  <testcase classname="com.bridgelabz.annotations.InvocationEx" name="testcase1" time="0.002"/>
  <system-out/>
  <testcase classname="com.bridgelabz.annotations.InvocationEx" name="testcase1" time="0.003"/>
  <system-out/>
  <testcase classname="com.bridgelabz.annotations.InvocationEx" name="testcase1" time="0.004"/>
  <system-out/>
  <testcase classname="com.bridgelabz.annotations.InvocationEx" name="testcase1" time="0.002"/>
  <system-out/>
  <testcase classname="com.bridgelabz.annotations.InvocationEx" name="testcase1" time="0.004"/>
  <system-out/>
  <testcase classname="com.bridgelabz.annotations.InvocationEx" name="testcase1" time="0.004"/>
  <system-out/>
  <testcase classname="com.bridgelabz.annotations.InvocationEx" name="testcase1" time="0.006"/>
  <system-out/>
  <testcase classname="com.bridgelabz.annotations.InvocationEx" name="testcase1" time="0.001"/>
  <system-out/>
  <testcase classname="com.bridgelabz.annotations.InvocationEx" name="testcase1" time="0.004"/>
  <system-out/>
  <testcase classname="com.bridgelabz.annotations.InvocationEx" name="testcase1" time="0.002"/>
  <system-out/>
  <testcase classname="com.bridgelabz.annotations.InvocationEx" name="testcase1" time="0.001"/>
  <system-out/>
  <testcase classname="com.bridgelabz.annotations.InvocationEx" name="testcase1" time="0.001"/>
  <system-out/>
  <testcase classname="com.bridgelabz.annotations.InvocationEx" name="testcase1" time="0.002"/>
  <system-out/>
  <testcase classname="com.bridgelabz.annotations.InvocationEx" name="testcase1" time="0.001"/>
  <system-out/>
  <testcase classname="com.bridgelabz.annotations.InvocationEx" name="testcase1" time="0.001"/>
  <system-out/>
  <testcase classname="com.bridgelabz.annotations.InvocationEx" name="testcase1" time="0.002"/>
  <system-out/>
  <testcase classname="com.bridgelabz.annotations.InvocationEx" name="testcase1" time="0.005"/>
  <system-out/>
  <testcase classname="com.bridgelabz.annotations.InvocationEx" name="testcase1" time="0.001"/>
  <system-out/>
  <testcase classname="com.bridgelabz.annotations.InvocationEx" name="testcase1" time="0.002"/>
  <system-out/>
  <testcase classname="com.bridgelabz.annotations.InvocationEx" name="testcase1" time="0.002"/>
  <system-out/>
  <testcase classname="com.bridgelabz.annotations.InvocationEx" name="testcase1" time="0.002"/>
  <system-out/>
  <testcase classname="com.bridgelabz.annotations.InvocationEx" name="testcase1" time="0.003"/>
  <system-out/>
  <testcase classname="com.bridgelabz.annotations.InvocationEx" name="testcase1" time="0.002"/>
  <system-out/>
  <testcase classname="com.bridgelabz.annotations.InvocationEx" name="testcase1" time="0.001"/>
  <system-out/>
  <testcase classname="com.bridgelabz.annotations.InvocationEx" name="testcase1" time="0.003"/>
  <system-out/>
  <testcase classname="com.bridgelabz.annotations.InvocationEx" name="testcase1" time="0.001"/>
  <system-out/>
  <testcase classname="com.bridgelabz.annotations.InvocationEx" name="testcase1" time="0.001"/>
  <system-out/>
  <testcase classname="com.bridgelabz.annotations.InvocationEx" name="testcase1" time="0.006"/>
  <system-out/>
  <testcase classname="com.bridgelabz.annotations.InvocationEx" name="testcase1" time="0.003"/>
  <system-out/>
  <testcase classname="com.bridgelabz.annotations.InvocationEx" name="testcase1" time="0.002"/>
  <system-out/>
  <testcase classname="com.bridgelabz.annotations.InvocationEx" name="testcase1" time="0.001"/>
  <system-out/>
  <testcase classname="com.bridgelabz.annotations.InvocationEx" name="testcase1" time="0.002"/>
  <system-out/>
  <testcase classname="com.bridgelabz.annotations.InvocationEx" name="testcase1" time="0.002"/>
  <system-out/>
  <testcase classname="com.bridgelabz.annotations.InvocationEx" name="testcase1" time="0.001"/>
  <system-out/>
  <testcase classname="com.bridgelabz.annotations.InvocationEx" name="testcase1" time="0.003"/>
  <system-out/>
  <testcase classname="com.bridgelabz.annotations.InvocationEx" name="testcase1" time="0.018"/>
  <system-out/>
  <testcase classname="com.bridgelabz.annotations.InvocationEx" name="testcase1" time="0.002"/>
  <system-out/>
  <testcase classname="com.bridgelabz.annotations.InvocationEx" name="testcase1" time="0.002"/>
  <system-out/>
  <testcase classname="com.bridgelabz.annotations.InvocationEx" name="testcase1" time="0.002"/>
  <system-out/>
  <testcase classname="com.bridgelabz.annotations.InvocationEx" name="testcase1" time="0.002"/>
  <system-out/>
  <testcase classname="com.bridgelabz.annotations.InvocationEx" name="testcase1" time="0.003"/>
  <system-out/>
</testsuite> <!-- com.bridgelabz.annotations.InvocationEx -->
