<?xml version="1.0" encoding="UTF-8"?>
<!-- Generated by org.testng.reporters.JUnitReportReporter -->
<testsuite hostname="LAPTOP-N926GS71" failures="0" tests="2" name="com.bridgelabz.robotclass.AlignClass" time="6.454" errors="0" timestamp="2022-07-11T09:03:23 IST" skipped="0">
  <testcase classname="com.bridgelabz.robotclass.AlignClass" name="sizeFacebook" time="2.415"/>
  <system-out/>
  <testcase classname="com.bridgelabz.robotclass.AlignClass" name="alignFacebook" time="4.039"/>
  <system-out/>
</testsuite> <!-- com.bridgelabz.robotclass.AlignClass -->
