<?xml version="1.0" encoding="UTF-8"?>
<!-- Generated by org.testng.reporters.JUnitReportReporter -->
<testsuite hostname="LAPTOP-N926GS71" failures="0" tests="1" name="com.bridgelabz.selenium.Registration" time="28.923" errors="0" timestamp="2022-07-09T07:26:44 IST" skipped="0">
  <testcase classname="com.bridgelabz.selenium.Registration" name="facebook" time="28.923"/>
  <system-out/>
</testsuite> <!-- com.bridgelabz.selenium.Registration -->
