<?xml version="1.0" encoding="UTF-8"?>
<!-- Generated by org.testng.reporters.JUnitReportReporter -->
<testsuite hostname="LAPTOP-N926GS71" failures="0" tests="1" name="com.bridgelabz.selectlistbox.AutoSuggestion" time="9.121" errors="0" timestamp="2022-07-11T13:12:52 IST" skipped="0">
  <testcase classname="com.bridgelabz.selectlistbox.AutoSuggestion" name="autoSuggestionBox" time="9.121"/>
  <system-out/>
</testsuite> <!-- com.bridgelabz.selectlistbox.AutoSuggestion -->
