<?xml version="1.0" encoding="UTF-8"?>
<!-- Generated by org.testng.reporters.JUnitReportReporter -->
<testsuite hostname="LAPTOP-N926GS71" failures="0" tests="1" name="com.bridgelabz.selenium.Handling_Popup" time="19.609" errors="0" timestamp="2022-07-10T11:33:47 IST" skipped="0">
  <testcase classname="com.bridgelabz.selenium.Handling_Popup" name="fileDownloadPopup" time="19.609"/>
  <system-out/>
</testsuite> <!-- com.bridgelabz.selenium.Handling_Popup -->
